  Application.cpp
d:\share\a002\a002\a002\texture.h(19): warning C4267: 'return': 'size_t'에서 'int'(으)로 변환하면서 데이터가 손실될 수 있습니다.
  코드를 생성하고 있습니다...
  건너뛰고 있습니다... (관련된 변경 내용 없음)
  UI.cpp
  TitleScene.cpp
  Texture.cpp
  Sprite.cpp
  Player.cpp
  Num.cpp
  NextScene.cpp
  Map.cpp
  Item.cpp
  IntroScene.cpp
  GameScene.cpp
  Game.cpp
  Enemy.cpp
  Effect.cpp
  CEndScene.cpp
  Bullet.cpp
  Boss.cpp
  Bomb.cpp
  Black.cpp
Application.obj : error LNK2019: Direct3DCreate9 외부 기호(참조 위치: "long __cdecl InitD3D(void)" (?InitD3D@@YAJXZ) 함수)에서 확인하지 못했습니다.
Application.obj : error LNK2019: D3DXCreateSprite 외부 기호(참조 위치: "long __cdecl InitD3D(void)" (?InitD3D@@YAJXZ) 함수)에서 확인하지 못했습니다.
Bullet.obj : error LNK2019: D3DXVec2Normalize 외부 기호(참조 위치: "public: __cdecl CBullet::CBullet(class CTexture * *,struct D3DXVECTOR2,struct D3DXVECTOR2,float)" (??0CBullet@@QEAA@PEAPEAVCTexture@@UD3DXVECTOR2@@1M@Z) 함수)에서 확인하지 못했습니다.
Item.obj : error LNK2001: D3DXVec2Normalize 외부 기호를 확인할 수 없습니다.
Sprite.obj : error LNK2019: D3DXMatrixTransformation2D 외부 기호(참조 위치: "public: void __cdecl CSprite::Update(float)" (?Update@CSprite@@QEAAXM@Z) 함수)에서 확인하지 못했습니다.
Texture.obj : error LNK2019: D3DXGetImageInfoFromFileW 외부 기호(참조 위치: "public: __cdecl CTexture::CTexture(wchar_t const *,wchar_t const *,int,int)" (??0CTexture@@QEAA@PEB_W0HH@Z) 함수)에서 확인하지 못했습니다.
Texture.obj : error LNK2019: D3DXCreateTextureFromFileExW 외부 기호(참조 위치: "public: __cdecl CTexture::CTexture(wchar_t const *,wchar_t const *,int,int)" (??0CTexture@@QEAA@PEB_W0HH@Z) 함수)에서 확인하지 못했습니다.
C:\Program Files (x86)\Microsoft DirectX SDK (June 2010)\Lib\x86\d3d9.lib : warning LNK4272: 'X86' 라이브러리 컴퓨터 종류가 'x64' 대상 컴퓨터 종류와 충돌합니다.
C:\Program Files (x86)\Microsoft DirectX SDK (June 2010)\Lib\x86\d3dx9.lib : warning LNK4272: 'X86' 라이브러리 컴퓨터 종류가 'x64' 대상 컴퓨터 종류와 충돌합니다.
D:\Share\A002\A002\x64\Debug\A002.exe : fatal error LNK1120: 6개의 확인할 수 없는 외부 참조입니다.
