\\hare_pc\share\a002\a002\a002\debug\vc140.pdb
\\hare_pc\share\a002\a002\a002\debug\vc140.idb
\\hare_pc\share\a002\a002\a002\debug\application.obj
\\hare_pc\share\a002\a002\a002\debug\game.obj
\\hare_pc\share\a002\a002\a002\debug\gamescene.obj
\\hare_pc\share\a002\a002\a002\debug\sprite.obj
\\hare_pc\share\a002\a002\a002\debug\texture.obj
\\hare_pc\share\a002\a002\a002\debug\player.obj
\\hare_pc\share\a002\a002\a002\debug\bullet.obj
\\hare_pc\share\a002\a002\a002\debug\effect.obj
\\hare_pc\share\a002\a002\a002\debug\score.obj
\\hare_pc\share\a002\a002\a002\debug\ui.obj
\\hare_pc\share\a002\a002\a002\debug\enemy.obj
\\hare_pc\share\a002\a002\a002\debug\num.obj
\\hare_pc\share\a002\a002\debug\a002.pdb
\\hare_pc\share\a002\a002\debug\a002.exe
\\hare_pc\share\a002\a002\debug\a002.ilk
\\hare_pc\share\a002\a002\a002\debug\a002.tlog\cl.command.1.tlog
\\hare_pc\share\a002\a002\a002\debug\a002.tlog\cl.read.1.tlog
\\hare_pc\share\a002\a002\a002\debug\a002.tlog\cl.write.1.tlog
\\hare_pc\share\a002\a002\a002\debug\a002.tlog\link.command.1.tlog
\\hare_pc\share\a002\a002\a002\debug\a002.tlog\link.read.1.tlog
\\hare_pc\share\a002\a002\a002\debug\a002.tlog\link.write.1.tlog
