  Application.cpp
  CBlack.cpp
C:\Users\User\Desktop\기능대회\전국대회\대회준비\Terraformars\Terraformars\CBlack.cpp(21,22): warning C4244: '+=': 'float'에서 'int'(으)로 변환하면서 데이터가 손실될 수 있습니다.
C:\Users\User\Desktop\기능대회\전국대회\대회준비\Terraformars\Terraformars\CBlack.cpp(31,22): warning C4244: '-=': 'float'에서 'int'(으)로 변환하면서 데이터가 손실될 수 있습니다.
  CBoss.cpp
C:\Users\User\Desktop\기능대회\전국대회\대회준비\Terraformars\Terraformars\CBoss.cpp(60,119): warning C4244: '인수': 'FLOAT'에서 'int'(으)로 변환하면서 데이터가 손실될 수 있습니다.
C:\Users\User\Desktop\기능대회\전국대회\대회준비\Terraformars\Terraformars\CBoss.cpp(60,92): warning C4244: '인수': 'FLOAT'에서 'int'(으)로 변환하면서 데이터가 손실될 수 있습니다.
C:\Users\User\Desktop\기능대회\전국대회\대회준비\Terraformars\Terraformars\CBoss.cpp(60,65): warning C4244: '인수': 'FLOAT'에서 'int'(으)로 변환하면서 데이터가 손실될 수 있습니다.
C:\Users\User\Desktop\기능대회\전국대회\대회준비\Terraformars\Terraformars\CBoss.cpp(60,38): warning C4244: '인수': 'FLOAT'에서 'int'(으)로 변환하면서 데이터가 손실될 수 있습니다.
C:\Users\User\Desktop\기능대회\전국대회\대회준비\Terraformars\Terraformars\CBoss.cpp(63,99): warning C4244: '인수': 'FLOAT'에서 'int'(으)로 변환하면서 데이터가 손실될 수 있습니다.
C:\Users\User\Desktop\기능대회\전국대회\대회준비\Terraformars\Terraformars\CBoss.cpp(63,78): warning C4244: '인수': 'FLOAT'에서 'int'(으)로 변환하면서 데이터가 손실될 수 있습니다.
C:\Users\User\Desktop\기능대회\전국대회\대회준비\Terraformars\Terraformars\CBoss.cpp(63,57): warning C4244: '인수': 'FLOAT'에서 'int'(으)로 변환하면서 데이터가 손실될 수 있습니다.
C:\Users\User\Desktop\기능대회\전국대회\대회준비\Terraformars\Terraformars\CBoss.cpp(63,36): warning C4244: '인수': 'FLOAT'에서 'int'(으)로 변환하면서 데이터가 손실될 수 있습니다.
  CBullet.cpp
C:\Users\User\Desktop\기능대회\전국대회\대회준비\Terraformars\Terraformars\CBullet.cpp(6,2): warning C4244: '인수': 'int'에서 'FLOAT'(으)로 변환하면서 데이터가 손실될 수 있습니다.
C:\Users\User\Desktop\기능대회\전국대회\대회준비\Terraformars\Terraformars\CBullet.cpp(21,116): warning C4244: '인수': 'FLOAT'에서 'int'(으)로 변환하면서 데이터가 손실될 수 있습니다.
C:\Users\User\Desktop\기능대회\전국대회\대회준비\Terraformars\Terraformars\CBullet.cpp(21,90): warning C4244: '인수': 'FLOAT'에서 'int'(으)로 변환하면서 데이터가 손실될 수 있습니다.
C:\Users\User\Desktop\기능대회\전국대회\대회준비\Terraformars\Terraformars\CBullet.cpp(21,64): warning C4244: '인수': 'FLOAT'에서 'int'(으)로 변환하면서 데이터가 손실될 수 있습니다.
C:\Users\User\Desktop\기능대회\전국대회\대회준비\Terraformars\Terraformars\CBullet.cpp(21,38): warning C4244: '인수': 'FLOAT'에서 'int'(으)로 변환하면서 데이터가 손실될 수 있습니다.
C:\Users\User\Desktop\기능대회\전국대회\대회준비\Terraformars\Terraformars\CBullet.cpp(25,5): warning C4554: '|': 연산자 우선 순위에 오류가 있는지 확인하세요. 괄호를 사용하여 우선 순위를 명확하게 지정하세요.
C:\Users\User\Desktop\기능대회\전국대회\대회준비\Terraformars\Terraformars\CBullet.cpp(25,116): warning C4554: '|': 연산자 우선 순위에 오류가 있는지 확인하세요. 괄호를 사용하여 우선 순위를 명확하게 지정하세요.
  CCutScene.cpp
C:\Users\User\Desktop\기능대회\전국대회\대회준비\Terraformars\Terraformars\CCutScene.cpp(34,21): warning C4244: '+=': 'float'에서 'int'(으)로 변환하면서 데이터가 손실될 수 있습니다.
C:\Users\User\Desktop\기능대회\전국대회\대회준비\Terraformars\Terraformars\CCutScene.cpp(49,21): warning C4244: '-=': 'float'에서 'int'(으)로 변환하면서 데이터가 손실될 수 있습니다.
  CEffect.cpp
  CEnemy.cpp
C:\Users\User\Desktop\기능대회\전국대회\대회준비\Terraformars\Terraformars\CEnemy.cpp(97,116): warning C4244: '인수': 'FLOAT'에서 'int'(으)로 변환하면서 데이터가 손실될 수 있습니다.
C:\Users\User\Desktop\기능대회\전국대회\대회준비\Terraformars\Terraformars\CEnemy.cpp(97,90): warning C4244: '인수': 'FLOAT'에서 'int'(으)로 변환하면서 데이터가 손실될 수 있습니다.
C:\Users\User\Desktop\기능대회\전국대회\대회준비\Terraformars\Terraformars\CEnemy.cpp(97,64): warning C4244: '인수': 'FLOAT'에서 'int'(으)로 변환하면서 데이터가 손실될 수 있습니다.
C:\Users\User\Desktop\기능대회\전국대회\대회준비\Terraformars\Terraformars\CEnemy.cpp(97,38): warning C4244: '인수': 'FLOAT'에서 'int'(으)로 변환하면서 데이터가 손실될 수 있습니다.
C:\Users\User\Desktop\기능대회\전국대회\대회준비\Terraformars\Terraformars\CEnemy.cpp(106,93): warning C4244: '=': 'double'에서 'float'(으)로 변환하면서 데이터가 손실될 수 있습니다.
C:\Users\User\Desktop\기능대회\전국대회\대회준비\Terraformars\Terraformars\CEnemy.cpp(137,93): warning C4244: '=': 'double'에서 'float'(으)로 변환하면서 데이터가 손실될 수 있습니다.
C:\Users\User\Desktop\기능대회\전국대회\대회준비\Terraformars\Terraformars\CEnemy.cpp(144,93): warning C4244: '=': 'double'에서 'float'(으)로 변환하면서 데이터가 손실될 수 있습니다.
C:\Users\User\Desktop\기능대회\전국대회\대회준비\Terraformars\Terraformars\CEnemy.cpp(179,93): warning C4244: '=': 'double'에서 'float'(으)로 변환하면서 데이터가 손실될 수 있습니다.
  CFirstScene.cpp
C:\Users\User\Desktop\기능대회\전국대회\대회준비\Terraformars\Terraformars\CFirstScene.cpp(48,70): warning C4244: '인수': 'int'에서 'FLOAT'(으)로 변환하면서 데이터가 손실될 수 있습니다.
C:\Users\User\Desktop\기능대회\전국대회\대회준비\Terraformars\Terraformars\CFirstScene.cpp(48,66): warning C4244: '인수': 'int'에서 'FLOAT'(으)로 변환하면서 데이터가 손실될 수 있습니다.
C:\Users\User\Desktop\기능대회\전국대회\대회준비\Terraformars\Terraformars\CFirstScene.cpp(68,22): warning C4244: '=': 'float'에서 'int'(으)로 변환하면서 데이터가 손실될 수 있습니다.
C:\Users\User\Desktop\기능대회\전국대회\대회준비\Terraformars\Terraformars\CFirstScene.cpp(91,41): warning C4554: '&': 연산자 우선 순위에 오류가 있는지 확인하세요. 괄호를 사용하여 우선 순위를 명확하게 지정하세요.
C:\Users\User\Desktop\기능대회\전국대회\대회준비\Terraformars\Terraformars\CFirstScene.cpp(115,40): warning C4554: '&': 연산자 우선 순위에 오류가 있는지 확인하세요. 괄호를 사용하여 우선 순위를 명확하게 지정하세요.
C:\Users\User\Desktop\기능대회\전국대회\대회준비\Terraformars\Terraformars\CFirstScene.cpp(424,25): warning C4244: '인수': 'float'에서 'int'(으)로 변환하면서 데이터가 손실될 수 있습니다.
C:\Users\User\Desktop\기능대회\전국대회\대회준비\Terraformars\Terraformars\CFirstScene.cpp(428,24): warning C4244: '인수': 'float'에서 'int'(으)로 변환하면서 데이터가 손실될 수 있습니다.
C:\Users\User\Desktop\기능대회\전국대회\대회준비\Terraformars\Terraformars\CFirstScene.cpp(434,34): warning C4244: '인수': 'float'에서 'int'(으)로 변환하면서 데이터가 손실될 수 있습니다.
C:\Users\User\Desktop\기능대회\전국대회\대회준비\Terraformars\Terraformars\CFirstScene.cpp(440,33): warning C4244: '인수': 'float'에서 'int'(으)로 변환하면서 데이터가 손실될 수 있습니다.
  CHowPlayScene.cpp
  CIntro.cpp
C:\Users\User\Desktop\기능대회\전국대회\대회준비\Terraformars\Terraformars\CIntro.cpp(16,40): warning C4305: '인수': 'double'에서 'float'(으)로 잘립니다.
  CItem.cpp
C:\Users\User\Desktop\기능대회\전국대회\대회준비\Terraformars\Terraformars\CItem.cpp(44,116): warning C4244: '인수': 'FLOAT'에서 'int'(으)로 변환하면서 데이터가 손실될 수 있습니다.
C:\Users\User\Desktop\기능대회\전국대회\대회준비\Terraformars\Terraformars\CItem.cpp(44,90): warning C4244: '인수': 'FLOAT'에서 'int'(으)로 변환하면서 데이터가 손실될 수 있습니다.
C:\Users\User\Desktop\기능대회\전국대회\대회준비\Terraformars\Terraformars\CItem.cpp(44,64): warning C4244: '인수': 'FLOAT'에서 'int'(으)로 변환하면서 데이터가 손실될 수 있습니다.
C:\Users\User\Desktop\기능대회\전국대회\대회준비\Terraformars\Terraformars\CItem.cpp(44,38): warning C4244: '인수': 'FLOAT'에서 'int'(으)로 변환하면서 데이터가 손실될 수 있습니다.
  CMap.cpp
C:\Users\User\Desktop\기능대회\전국대회\대회준비\Terraformars\Terraformars\CMap.cpp(70,99): warning C4244: '인수': 'FLOAT'에서 'int'(으)로 변환하면서 데이터가 손실될 수 있습니다.
C:\Users\User\Desktop\기능대회\전국대회\대회준비\Terraformars\Terraformars\CMap.cpp(70,79): warning C4244: '인수': 'FLOAT'에서 'int'(으)로 변환하면서 데이터가 손실될 수 있습니다.
C:\Users\User\Desktop\기능대회\전국대회\대회준비\Terraformars\Terraformars\CMap.cpp(70,59): warning C4244: '인수': 'FLOAT'에서 'int'(으)로 변환하면서 데이터가 손실될 수 있습니다.
C:\Users\User\Desktop\기능대회\전국대회\대회준비\Terraformars\Terraformars\CMap.cpp(70,39): warning C4244: '인수': 'FLOAT'에서 'int'(으)로 변환하면서 데이터가 손실될 수 있습니다.
C:\Users\User\Desktop\기능대회\전국대회\대회준비\Terraformars\Terraformars\CMap.cpp(71,100): warning C4244: '인수': 'FLOAT'에서 'int'(으)로 변환하면서 데이터가 손실될 수 있습니다.
C:\Users\User\Desktop\기능대회\전국대회\대회준비\Terraformars\Terraformars\CMap.cpp(71,80): warning C4244: '인수': 'FLOAT'에서 'int'(으)로 변환하면서 데이터가 손실될 수 있습니다.
C:\Users\User\Desktop\기능대회\전국대회\대회준비\Terraformars\Terraformars\CMap.cpp(71,60): warning C4244: '인수': 'FLOAT'에서 'int'(으)로 변환하면서 데이터가 손실될 수 있습니다.
C:\Users\User\Desktop\기능대회\전국대회\대회준비\Terraformars\Terraformars\CMap.cpp(71,40): warning C4244: '인수': 'FLOAT'에서 'int'(으)로 변환하면서 데이터가 손실될 수 있습니다.
C:\Users\User\Desktop\기능대회\전국대회\대회준비\Terraformars\Terraformars\CMap.cpp(75,114): warning C4244: '인수': 'FLOAT'에서 'int'(으)로 변환하면서 데이터가 손실될 수 있습니다.
C:\Users\User\Desktop\기능대회\전국대회\대회준비\Terraformars\Terraformars\CMap.cpp(75,88): warning C4244: '인수': 'FLOAT'에서 'int'(으)로 변환하면서 데이터가 손실될 수 있습니다.
C:\Users\User\Desktop\기능대회\전국대회\대회준비\Terraformars\Terraformars\CMap.cpp(75,62): warning C4244: '인수': 'FLOAT'에서 'int'(으)로 변환하면서 데이터가 손실될 수 있습니다.
C:\Users\User\Desktop\기능대회\전국대회\대회준비\Terraformars\Terraformars\CMap.cpp(75,39): warning C4244: '인수': 'FLOAT'에서 'int'(으)로 변환하면서 데이터가 손실될 수 있습니다.
C:\Users\User\Desktop\기능대회\전국대회\대회준비\Terraformars\Terraformars\CMap.cpp(76,122): warning C4244: '인수': 'FLOAT'에서 'int'(으)로 변환하면서 데이터가 손실될 수 있습니다.
C:\Users\User\Desktop\기능대회\전국대회\대회준비\Terraformars\Terraformars\CMap.cpp(76,95): warning C4244: '인수': 'FLOAT'에서 'int'(으)로 변환하면서 데이터가 손실될 수 있습니다.
C:\Users\User\Desktop\기능대회\전국대회\대회준비\Terraformars\Terraformars\CMap.cpp(76,69): warning C4244: '인수': 'FLOAT'에서 'int'(으)로 변환하면서 데이터가 손실될 수 있습니다.
C:\Users\User\Desktop\기능대회\전국대회\대회준비\Terraformars\Terraformars\CMap.cpp(76,43): warning C4244: '인수': 'FLOAT'에서 'int'(으)로 변환하면서 데이터가 손실될 수 있습니다.
C:\Users\User\Desktop\기능대회\전국대회\대회준비\Terraformars\Terraformars\CMap.cpp(80,113): warning C4244: '인수': 'FLOAT'에서 'int'(으)로 변환하면서 데이터가 손실될 수 있습니다.
C:\Users\User\Desktop\기능대회\전국대회\대회준비\Terraformars\Terraformars\CMap.cpp(80,87): warning C4244: '인수': 'FLOAT'에서 'int'(으)로 변환하면서 데이터가 손실될 수 있습니다.
C:\Users\User\Desktop\기능대회\전국대회\대회준비\Terraformars\Terraformars\CMap.cpp(80,62): warning C4244: '인수': 'FLOAT'에서 'int'(으)로 변환하면서 데이터가 손실될 수 있습니다.
C:\Users\User\Desktop\기능대회\전국대회\대회준비\Terraformars\Terraformars\CMap.cpp(80,39): warning C4244: '인수': 'FLOAT'에서 'int'(으)로 변환하면서 데이터가 손실될 수 있습니다.
C:\Users\User\Desktop\기능대회\전국대회\대회준비\Terraformars\Terraformars\CMap.cpp(81,122): warning C4244: '인수': 'FLOAT'에서 'int'(으)로 변환하면서 데이터가 손실될 수 있습니다.
C:\Users\User\Desktop\기능대회\전국대회\대회준비\Terraformars\Terraformars\CMap.cpp(81,95): warning C4244: '인수': 'FLOAT'에서 'int'(으)로 변환하면서 데이터가 손실될 수 있습니다.
C:\Users\User\Desktop\기능대회\전국대회\대회준비\Terraformars\Terraformars\CMap.cpp(81,69): warning C4244: '인수': 'FLOAT'에서 'int'(으)로 변환하면서 데이터가 손실될 수 있습니다.
C:\Users\User\Desktop\기능대회\전국대회\대회준비\Terraformars\Terraformars\CMap.cpp(81,43): warning C4244: '인수': 'FLOAT'에서 'int'(으)로 변환하면서 데이터가 손실될 수 있습니다.
C:\Users\User\Desktop\기능대회\전국대회\대회준비\Terraformars\Terraformars\CMap.cpp(86,100): warning C4244: '인수': 'FLOAT'에서 'int'(으)로 변환하면서 데이터가 손실될 수 있습니다.
C:\Users\User\Desktop\기능대회\전국대회\대회준비\Terraformars\Terraformars\CMap.cpp(86,80): warning C4244: '인수': 'FLOAT'에서 'int'(으)로 변환하면서 데이터가 손실될 수 있습니다.
C:\Users\User\Desktop\기능대회\전국대회\대회준비\Terraformars\Terraformars\CMap.cpp(86,60): warning C4244: '인수': 'FLOAT'에서 'int'(으)로 변환하면서 데이터가 손실될 수 있습니다.
C:\Users\User\Desktop\기능대회\전국대회\대회준비\Terraformars\Terraformars\CMap.cpp(86,40): warning C4244: '인수': 'FLOAT'에서 'int'(으)로 변환하면서 데이터가 손실될 수 있습니다.
C:\Users\User\Desktop\기능대회\전국대회\대회준비\Terraformars\Terraformars\CMap.cpp(87,101): warning C4244: '인수': 'FLOAT'에서 'int'(으)로 변환하면서 데이터가 손실될 수 있습니다.
C:\Users\User\Desktop\기능대회\전국대회\대회준비\Terraformars\Terraformars\CMap.cpp(87,81): warning C4244: '인수': 'FLOAT'에서 'int'(으)로 변환하면서 데이터가 손실될 수 있습니다.
C:\Users\User\Desktop\기능대회\전국대회\대회준비\Terraformars\Terraformars\CMap.cpp(87,61): warning C4244: '인수': 'FLOAT'에서 'int'(으)로 변환하면서 데이터가 손실될 수 있습니다.
C:\Users\User\Desktop\기능대회\전국대회\대회준비\Terraformars\Terraformars\CMap.cpp(87,41): warning C4244: '인수': 'FLOAT'에서 'int'(으)로 변환하면서 데이터가 손실될 수 있습니다.
C:\Users\User\Desktop\기능대회\전국대회\대회준비\Terraformars\Terraformars\CMap.cpp(91,119): warning C4244: '인수': 'FLOAT'에서 'int'(으)로 변환하면서 데이터가 손실될 수 있습니다.
C:\Users\User\Desktop\기능대회\전국대회\대회준비\Terraformars\Terraformars\CMap.cpp(91,92): warning C4244: '인수': 'FLOAT'에서 'int'(으)로 변환하면서 데이터가 손실될 수 있습니다.
C:\Users\User\Desktop\기능대회\전국대회\대회준비\Terraformars\Terraformars\CMap.cpp(91,65): warning C4244: '인수': 'FLOAT'에서 'int'(으)로 변환하면서 데이터가 손실될 수 있습니다.
C:\Users\User\Desktop\기능대회\전국대회\대회준비\Terraformars\Terraformars\CMap.cpp(91,41): warning C4244: '인수': 'FLOAT'에서 'int'(으)로 변환하면서 데이터가 손실될 수 있습니다.
C:\Users\User\Desktop\기능대회\전국대회\대회준비\Terraformars\Terraformars\CMap.cpp(92,127): warning C4244: '인수': 'FLOAT'에서 'int'(으)로 변환하면서 데이터가 손실될 수 있습니다.
C:\Users\User\Desktop\기능대회\전국대회\대회준비\Terraformars\Terraformars\CMap.cpp(92,99): warning C4244: '인수': 'FLOAT'에서 'int'(으)로 변환하면서 데이터가 손실될 수 있습니다.
C:\Users\User\Desktop\기능대회\전국대회\대회준비\Terraformars\Terraformars\CMap.cpp(92,72): warning C4244: '인수': 'FLOAT'에서 'int'(으)로 변환하면서 데이터가 손실될 수 있습니다.
C:\Users\User\Desktop\기능대회\전국대회\대회준비\Terraformars\Terraformars\CMap.cpp(92,45): warning C4244: '인수': 'FLOAT'에서 'int'(으)로 변환하면서 데이터가 손실될 수 있습니다.
C:\Users\User\Desktop\기능대회\전국대회\대회준비\Terraformars\Terraformars\CMap.cpp(96,118): warning C4244: '인수': 'FLOAT'에서 'int'(으)로 변환하면서 데이터가 손실될 수 있습니다.
C:\Users\User\Desktop\기능대회\전국대회\대회준비\Terraformars\Terraformars\CMap.cpp(96,91): warning C4244: '인수': 'FLOAT'에서 'int'(으)로 변환하면서 데이터가 손실될 수 있습니다.
C:\Users\User\Desktop\기능대회\전국대회\대회준비\Terraformars\Terraformars\CMap.cpp(96,65): warning C4244: '인수': 'FLOAT'에서 'int'(으)로 변환하면서 데이터가 손실될 수 있습니다.
C:\Users\User\Desktop\기능대회\전국대회\대회준비\Terraformars\Terraformars\CMap.cpp(96,41): warning C4244: '인수': 'FLOAT'에서 'int'(으)로 변환하면서 데이터가 손실될 수 있습니다.
C:\Users\User\Desktop\기능대회\전국대회\대회준비\Terraformars\Terraformars\CMap.cpp(97,127): warning C4244: '인수': 'FLOAT'에서 'int'(으)로 변환하면서 데이터가 손실될 수 있습니다.
C:\Users\User\Desktop\기능대회\전국대회\대회준비\Terraformars\Terraformars\CMap.cpp(97,99): warning C4244: '인수': 'FLOAT'에서 'int'(으)로 변환하면서 데이터가 손실될 수 있습니다.
C:\Users\User\Desktop\기능대회\전국대회\대회준비\Terraformars\Terraformars\CMap.cpp(97,72): warning C4244: '인수': 'FLOAT'에서 'int'(으)로 변환하면서 데이터가 손실될 수 있습니다.
C:\Users\User\Desktop\기능대회\전국대회\대회준비\Terraformars\Terraformars\CMap.cpp(97,45): warning C4244: '인수': 'FLOAT'에서 'int'(으)로 변환하면서 데이터가 손실될 수 있습니다.
  CMilssile.cpp
C:\Users\User\Desktop\기능대회\전국대회\대회준비\Terraformars\Terraformars\CMilssile.cpp(23,116): warning C4244: '인수': 'FLOAT'에서 'int'(으)로 변환하면서 데이터가 손실될 수 있습니다.
C:\Users\User\Desktop\기능대회\전국대회\대회준비\Terraformars\Terraformars\CMilssile.cpp(23,90): warning C4244: '인수': 'FLOAT'에서 'int'(으)로 변환하면서 데이터가 손실될 수 있습니다.
C:\Users\User\Desktop\기능대회\전국대회\대회준비\Terraformars\Terraformars\CMilssile.cpp(23,64): warning C4244: '인수': 'FLOAT'에서 'int'(으)로 변환하면서 데이터가 손실될 수 있습니다.
C:\Users\User\Desktop\기능대회\전국대회\대회준비\Terraformars\Terraformars\CMilssile.cpp(23,38): warning C4244: '인수': 'FLOAT'에서 'int'(으)로 변환하면서 데이터가 손실될 수 있습니다.
C:\Users\User\Desktop\기능대회\전국대회\대회준비\Terraformars\Terraformars\CMilssile.cpp(25,112): warning C4244: '=': 'double'에서 'float'(으)로 변환하면서 데이터가 손실될 수 있습니다.
  CNum.cpp
  CPlayer.cpp
C:\Users\User\Desktop\기능대회\전국대회\대회준비\Terraformars\Terraformars\CPlayer.cpp(52,116): warning C4244: '인수': 'FLOAT'에서 'int'(으)로 변환하면서 데이터가 손실될 수 있습니다.
C:\Users\User\Desktop\기능대회\전국대회\대회준비\Terraformars\Terraformars\CPlayer.cpp(52,90): warning C4244: '인수': 'FLOAT'에서 'int'(으)로 변환하면서 데이터가 손실될 수 있습니다.
C:\Users\User\Desktop\기능대회\전국대회\대회준비\Terraformars\Terraformars\CPlayer.cpp(52,64): warning C4244: '인수': 'FLOAT'에서 'int'(으)로 변환하면서 데이터가 손실될 수 있습니다.
C:\Users\User\Desktop\기능대회\전국대회\대회준비\Terraformars\Terraformars\CPlayer.cpp(52,38): warning C4244: '인수': 'FLOAT'에서 'int'(으)로 변환하면서 데이터가 손실될 수 있습니다.
C:\Users\User\Desktop\기능대회\전국대회\대회준비\Terraformars\Terraformars\CPlayer.cpp(167,21): warning C4244: '+=': 'float'에서 'int'(으)로 변환하면서 데이터가 손실될 수 있습니다.
  CRankScene.cpp
  CRankShowScene.cpp
  CSecondScene.cpp
C:\Users\User\Desktop\기능대회\전국대회\대회준비\Terraformars\Terraformars\CSecondScene.cpp(47,70): warning C4244: '인수': 'int'에서 'FLOAT'(으)로 변환하면서 데이터가 손실될 수 있습니다.
C:\Users\User\Desktop\기능대회\전국대회\대회준비\Terraformars\Terraformars\CSecondScene.cpp(47,66): warning C4244: '인수': 'int'에서 'FLOAT'(으)로 변환하면서 데이터가 손실될 수 있습니다.
C:\Users\User\Desktop\기능대회\전국대회\대회준비\Terraformars\Terraformars\CSecondScene.cpp(67,22): warning C4244: '=': 'float'에서 'int'(으)로 변환하면서 데이터가 손실될 수 있습니다.
C:\Users\User\Desktop\기능대회\전국대회\대회준비\Terraformars\Terraformars\CSecondScene.cpp(90,41): warning C4554: '&': 연산자 우선 순위에 오류가 있는지 확인하세요. 괄호를 사용하여 우선 순위를 명확하게 지정하세요.
C:\Users\User\Desktop\기능대회\전국대회\대회준비\Terraformars\Terraformars\CSecondScene.cpp(114,40): warning C4554: '&': 연산자 우선 순위에 오류가 있는지 확인하세요. 괄호를 사용하여 우선 순위를 명확하게 지정하세요.
C:\Users\User\Desktop\기능대회\전국대회\대회준비\Terraformars\Terraformars\CSecondScene.cpp(421,25): warning C4244: '인수': 'float'에서 'int'(으)로 변환하면서 데이터가 손실될 수 있습니다.
C:\Users\User\Desktop\기능대회\전국대회\대회준비\Terraformars\Terraformars\CSecondScene.cpp(425,24): warning C4244: '인수': 'float'에서 'int'(으)로 변환하면서 데이터가 손실될 수 있습니다.
C:\Users\User\Desktop\기능대회\전국대회\대회준비\Terraformars\Terraformars\CSecondScene.cpp(431,34): warning C4244: '인수': 'float'에서 'int'(으)로 변환하면서 데이터가 손실될 수 있습니다.
C:\Users\User\Desktop\기능대회\전국대회\대회준비\Terraformars\Terraformars\CSecondScene.cpp(437,33): warning C4244: '인수': 'float'에서 'int'(으)로 변환하면서 데이터가 손실될 수 있습니다.
  CTitleScene.cpp
  CUI.cpp
  컴파일하고 있습니다...
  EndScene.cpp
  Game.cpp
  Sprite.cpp
  Texture.cpp
C:\Users\User\Desktop\기능대회\전국대회\대회준비\Terraformars\Terraformars\Texture.cpp(26,20): warning C4018: '<': signed 또는 unsigned가 일치하지 않습니다.
  코드를 생성하고 있습니다.
  Previous IPDB was built with incompatible compiler, fall back to full compilation.
  All 522 functions were compiled because no usable IPDB/IOBJ from previous compilation was found.
  코드를 생성했습니다.
  Terraformars.vcxproj -> C:\Users\User\Desktop\기능대회\전국대회\대회준비\Terraformars\Release\Terraformars.exe
