c:\users\greatkes\desktop\apiproject (2)\apiproject\x64\debug\vc142.pdb
c:\users\greatkes\desktop\apiproject (2)\apiproject\x64\debug\vc142.idb
c:\users\greatkes\desktop\apiproject (2)\apiproject\x64\debug\winmain.obj
c:\users\greatkes\desktop\apiproject (2)\apiproject\x64\debug\plane.obj
c:\users\greatkes\desktop\apiproject (2)\apiproject\x64\debug\bullet.obj
c:\users\greatkes\desktop\apiproject0\apiproject\x64\debug\vc142.pdb
c:\users\greatkes\desktop\apiproject0\apiproject\x64\debug\vc142.idb
c:\users\greatkes\desktop\apiproject0\apiproject\x64\debug\winmain.obj
c:\users\greatkes\desktop\apiproject (2)\x64\debug\apiproject.ilk
c:\users\greatkes\desktop\apiproject (2)\x64\debug\apiproject.exe
c:\users\greatkes\desktop\apiproject (2)\x64\debug\apiproject.pdb
c:\users\greatkes\desktop\apiproject0\x64\debug\apiproject.exe
c:\users\greatkes\desktop\apiproject0\x64\debug\apiproject.ilk
c:\users\greatkes\desktop\apiproject0\x64\debug\apiproject.pdb
c:\users\greatkes\desktop\apiproject0\apiproject\x64\debug\bullet.obj
c:\users\greatkes\desktop\apiproject0\apiproject\x64\debug\plane.obj
c:\users\greatkes\desktop\apiproject0\apiproject\x64\debug\apiproject.tlog\cl.command.1.tlog
c:\users\greatkes\desktop\apiproject0\apiproject\x64\debug\apiproject.tlog\cl.read.1.tlog
c:\users\greatkes\desktop\apiproject0\apiproject\x64\debug\apiproject.tlog\cl.write.1.tlog
c:\users\greatkes\desktop\apiproject0\apiproject\x64\debug\apiproject.tlog\link.command.1.tlog
c:\users\greatkes\desktop\apiproject0\apiproject\x64\debug\apiproject.tlog\link.read.1.tlog
c:\users\greatkes\desktop\apiproject0\apiproject\x64\debug\apiproject.tlog\link.write.1.tlog
